<!DOCTYPE html PUBLIC "-//W3C//DTD XHTML 1.1//EN" "https://www.w3.org/TR/xhtml11/DTD/xhtml11.dtd">
<html xmlns="https://www.w3.org/1999/xhtml">
<head>
<meta charset='utf-8'>
<title>TestNG Report</title>
<style type="text/css">
table {margin-bottom:10px;border-collapse:collapse;empty-cells:show}
td,th {border:1px solid #009;padding:.25em .5em}
.result th {vertical-align:bottom}
.param th {padding-left:1em;padding-right:1em}
.param td {padding-left:.5em;padding-right:2em}
.stripe td,.stripe th {background-color: #E6EBF9}
.numi,.numi_attn {text-align:right}
.total td {font-weight:bold}
.passedodd td {background-color: #0A0}
.passedeven td {background-color: #3F3}
.skippedodd td {background-color: #CCC}
.skippedodd td {background-color: #DDD}
.failedodd td,.numi_attn {background-color: #F33}
.failedeven td,.stripe .numi_attn {background-color: #D00}
.stacktrace {white-space:pre;font-family:monospace}
.totop {font-size:85%;text-align:center;border-bottom:2px solid #000}
</style>
</head>
<body>
<table cellspacing="0" cellpadding="0" class="testOverview">
<tr><th>Test</th><th>Methods<br/>Passed</th><th>Scenarios<br/>Passed</th><th># skipped</th><th># failed</th><th>Total<br/>Time</th><th>Included<br/>Groups</th><th>Excluded<br/>Groups</th></tr>
<tr><td style="text-align:left;padding-right:2em"><a href="#t1">C:/Users/elwady/Desktop/Selenium/New folder/NopCommmerce/src/test</a></td><td class="numi">38</td><td class="numi">38</td><td class="numi">0</td><td class="numi_attn">3</td><td class="numi">157.1 seconds</td><td class="numi"></td><td class="numi"></td></tr>
</table>
<table cellspacing="0" cellpadding="0" class="methodOverview" id="summary">
<tr><th>Class</th><th>Method</th><th># of<br/>Scenarios</th><th>Start</th><th>Time<br/>(ms)</th></tr>
<tr id="t1"><th colspan="5">C:/Users/elwady/Desktop/Selenium/New folder/NopCommmerce/src/test &#8212; failed</th></tr>
<tr class="failedodd"><td>Testcases.GuestCheckOutTest</td><td><a href="#m1"><b>UserCanCheckoutProduct</b>  </a></td><td class="numi">1</td><td>1660285938508</td><td class="numi">16022</td></tr>
<tr class="failedeven"><td>Testcases.RegisteredUserCheckoutProductTest</td><td><a href="#m2"><b>UserCanAddProductToShoppingCart</b>  </a></td><td class="numi">1</td><td>1660285965835</td><td class="numi">5175</td></tr>
<tr class="failedodd"><td>Testcases.AddProductToShoppingCartTest</td><td><a href="#m3"><b>UserCanAddProductToShoppingCart</b>  </a></td><td class="numi">1</td><td>1660285907112</td><td class="numi">3501</td></tr>
<tr><th colspan="5">C:/Users/elwady/Desktop/Selenium/New folder/NopCommmerce/src/test &#8212; passed</th></tr>
<tr class="passedodd"><td>Testcases.ChangeCurrencyTest</td><td><a href="#m4"><b>changeCurrencyOfTheProduct</b>  </a></td><td class="numi">1</td><td>1660285901025</td><td class="numi">1236</td></tr>
<tr class="passedeven"><td>Testcases.Test_Hoveron</td><td><a href="#m5"><b>hovering_on_books</b>  </a></td><td class="numi">1</td><td>1660285881279</td><td class="numi">936</td></tr>
<tr class="passedodd"><td>Testcases.WishListTest</td><td><a href="#m6"><b>UserCanSearchWithAutoSuggest</b>  </a></td><td class="numi">1</td><td>1660285895949</td><td class="numi">2962</td></tr>
<tr class="passedeven"><td>Testcases.AddProductToShoppingCartTest</td><td><a href="#m7"><b>UserCanRemoveProductFromCart</b>  </a></td><td class="numi">1</td><td>1660285910846</td><td class="numi">1188</td></tr>
<tr class="passedodd"><td>Testcases.Test_Hoveron</td><td><a href="#m8"><b>hovering_on_jewelry</b>  </a></td><td class="numi">1</td><td>1660285882216</td><td class="numi">919</td></tr>
<tr class="passedeven"><td>Testcases.ProductReviewTest</td><td><a href="#m9"><b>UserCanSearchWithAutoSuggest</b>  </a></td><td class="numi">1</td><td>1660285954707</td><td class="numi">3251</td></tr>
<tr class="passedodd"><td>Testcases.SearchProductUsingAutoSuggestTest</td><td><a href="#m10"><b>UserCanSearchWithAutoSuggest</b>  </a></td><td class="numi">1</td><td>1660285888444</td><td class="numi">2402</td></tr>
<tr class="passedeven"><td>Testcases.Test_Hoveron</td><td><a href="#m11"><b>hovering_on_software</b>  </a></td><td class="numi">1</td><td>1660285872841</td><td class="numi">1081</td></tr>
<tr class="passedodd"><td>Testcases.RegisteredUserCheckoutProductTest</td><td><a href="#m12"><b>UserCanCheckoutProduct</b>  </a></td><td class="numi">1</td><td>1660285971168</td><td class="numi">31342</td></tr>
<tr class="passedeven"><td>Testcases.UserRegistrationTest</td><td><a href="#m13"><b>verifyLogin</b>  </a></td><td class="numi">1</td><td>1660285852259</td><td class="numi">2684</td></tr>
<tr class="passedodd"><td>Testcases.GuestCheckOutTest</td><td><a href="#m14"><b>UserCanSearchWithAutoSuggest</b>  </a></td><td class="numi">1</td><td>1660285928403</td><td class="numi">3717</td></tr>
<tr class="passedeven"><td>Testcases.Test_Hoveron</td><td><a href="#m15"><b>hovering_on_gift</b>  </a></td><td class="numi">1</td><td>1660285883137</td><td class="numi">1907</td></tr>
<tr class="passedodd"><td>Testcases.EmailFriendTest</td><td><a href="#m16"><b>RegisteredUserSendEmail</b>  </a></td><td class="numi">1</td><td>1660285893280</td><td class="numi">2667</td></tr>
<tr class="passedeven"><td rowspan="2">Testcases.Test_Hoveron</td><td><a href="#m17"><b>hovering_on_camera</b>  </a></td><td class="numi">1</td><td>1660285873925</td><td class="numi">1154</td></tr><tr class="passedeven"><td><a href="#m18"><b>hovering_on_digital</b>  </a></td><td class="numi">1</td><td>1660285880433</td><td class="numi">843</td></tr>
<tr class="passedodd"><td>Testcases.CompareTest</td><td><a href="#m19"><b>clearDataFromCompareTable</b>  </a></td><td class="numi">1</td><td>1660285926725</td><td class="numi">1674</td></tr>
<tr class="passedeven"><td>Testcases.UserRegistrationTest</td><td><a href="#m20"><b>verifyLogout</b>  </a></td><td class="numi">1</td><td>1660285851033</td><td class="numi">1216</td></tr>
<tr class="passedodd"><td>Testcases.Test_Hoveron</td><td><a href="#m21"><b>hovering_on_accessories</b>  </a></td><td class="numi">1</td><td>1660285879392</td><td class="numi">1034</td></tr>
<tr class="passedeven"><td>Testcases.EmailFriendTest</td><td><a href="#m22"><b>UserCanSearchWithAutoSuggest</b>  </a></td><td class="numi">1</td><td>1660285890848</td><td class="numi">2431</td></tr>
<tr class="passedodd"><td>Testcases.MyAccountTest</td><td><a href="#m23"><b>VerifyRegistration</b>  </a></td><td class="numi">1</td><td>1660285854946</td><td class="numi">4426</td></tr>
<tr class="passedeven"><td>Testcases.WishListTest</td><td><a href="#m24"><b>usrerCanAddToWishList</b>  </a></td><td class="numi">1</td><td>1660285898912</td><td class="numi">2112</td></tr>
<tr class="passedodd"><td>Testcases.ChangeCurrencyTest</td><td><a href="#m25"><b>UserCanSearchWithAutoSuggest</b>  </a></td><td class="numi">1</td><td>1660285902263</td><td class="numi">2462</td></tr>
<tr class="passedeven"><td>Testcases.Test_Hoveron</td><td><a href="#m26"><b>hovering_on_desk</b>  </a></td><td class="numi">1</td><td>1660285871815</td><td class="numi">1024</td></tr>
<tr class="passedodd"><td>Testcases.AddProductToShoppingCartTest</td><td><a href="#m27"><b>UserCanSearchProductsWithAutoSuggest</b>  </a></td><td class="numi">1</td><td>1660285904730</td><td class="numi">2382</td></tr>
<tr class="passedeven"><td>Testcases.CompareTest</td><td><a href="#m28"><b>UserCanCompareProduct</b>  </a></td><td class="numi">1</td><td>1660285912035</td><td class="numi">14686</td></tr>
<tr class="passedodd"><td>Testcases.Test_Hoveron</td><td><a href="#m29"><b>hovering_on_others</b>  </a></td><td class="numi">1</td><td>1660285876135</td><td class="numi">1132</td></tr>
<tr class="passedeven"><td>Testcases.MyAccountTest</td><td><a href="#m30"><b>verifyLogout</b>  </a></td><td class="numi">1</td><td>1660285864583</td><td class="numi">2401</td></tr>
<tr class="passedodd"><td>Testcases.Test_Hoveron</td><td><a href="#m31"><b>hovering_on_cell</b>  </a></td><td class="numi">1</td><td>1660285875081</td><td class="numi">1053</td></tr>
<tr class="passedeven"><td>Testcases.SearchProductTest</td><td><a href="#m32"><b>UserCanSearchForProducts</b>  </a></td><td class="numi">1</td><td>1660285885045</td><td class="numi">3397</td></tr>
<tr class="passedodd"><td>Testcases.RegisteredUserCheckoutProductTest</td><td><a href="#m33"><b>UserCanSearchWithAutoSuggest</b>  </a></td><td class="numi">1</td><td>1660285962967</td><td class="numi">2867</td></tr>
<tr class="passedeven"><td>Testcases.ProductReviewTest</td><td><a href="#m34"><b>RegisteredUserCanReviewProduct</b>  </a></td><td class="numi">1</td><td>1660285957959</td><td class="numi">5007</td></tr>
<tr class="passedodd"><td>Testcases.Test_Hoveron</td><td><a href="#m35"><b>hovering_on_shoes</b>  </a></td><td class="numi">1</td><td>1660285877269</td><td class="numi">1073</td></tr>
<tr class="passedeven"><td>Testcases.MyAccountTest</td><td><a href="#m36"><b>verifyLogin</b>  </a></td><td class="numi">1</td><td>1660285866996</td><td class="numi">2929</td></tr>
<tr class="passedodd"><td>Testcases.GuestCheckOutTest</td><td><a href="#m37"><b>UserCanAddProductToShoppingCart</b>  </a></td><td class="numi">1</td><td>1660285932128</td><td class="numi">6378</td></tr>
<tr class="passedeven"><td>Testcases.Test_Hoveron</td><td><a href="#m38"><b>hovering_on_cloth</b>  </a></td><td class="numi">1</td><td>1660285878347</td><td class="numi">1042</td></tr>
<tr class="passedodd"><td>Testcases.UserRegistrationTest</td><td><a href="#m39"><b>VerifyRegistration</b>  </a></td><td class="numi">1</td><td>1660285847420</td><td class="numi">3603</td></tr>
<tr class="passedeven"><td>Testcases.MyAccountTest</td><td><a href="#m40"><b>verifyChangePassword</b>  </a></td><td class="numi">1</td><td>1660285859374</td><td class="numi">5206</td></tr>
<tr class="passedodd"><td>Testcases.Test_Hoveron</td><td><a href="#m41"><b>hovering_on_notebooks</b>  </a></td><td class="numi">1</td><td>1660285869929</td><td class="numi">1884</td></tr>
</table>
<h1>C:/Users/elwady/Desktop/Selenium/New folder/NopCommmerce/src/test</h1>
<h2 id="m1">Testcases.RegisteredUserCheckoutProductTest:UserCanAddProductToShoppingCart</h2>
<div>
<div class="stacktrace">java.lang.AssertionError: expected [true] but found [false]
	at org.testng.Assert.fail(Assert.java:99)
	at org.testng.Assert.failNotEquals(Assert.java:1037)
	at org.testng.Assert.assertTrue(Assert.java:45)
	at org.testng.Assert.assertTrue(Assert.java:55)
	at Testcases.RegisteredUserCheckoutProductTest.UserCanAddProductToShoppingCart(RegisteredUserCheckoutProductTest.java:49)
	at java.base/jdk.internal.reflect.NativeMethodAccessorImpl.invoke0(Native Method)
	at java.base/jdk.internal.reflect.NativeMethodAccessorImpl.invoke(NativeMethodAccessorImpl.java:77)
	at java.base/jdk.internal.reflect.DelegatingMethodAccessorImpl.invoke(DelegatingMethodAccessorImpl.java:43)
	at java.base/java.lang.reflect.Method.invoke(Method.java:568)
	at org.testng.internal.MethodInvocationHelper.invokeMethod(MethodInvocationHelper.java:133)
	at org.testng.internal.TestInvoker.invokeMethod(TestInvoker.java:598)
	at org.testng.internal.TestInvoker.invokeTestMethod(TestInvoker.java:173)
	at org.testng.internal.MethodRunner.runInSequence(MethodRunner.java:46)
	at org.testng.internal.TestInvoker$MethodInvocationAgent.invoke(TestInvoker.java:824)
	at org.testng.internal.TestInvoker.invokeTestMethods(TestInvoker.java:146)
	at org.testng.internal.TestMethodWorker.invokeTestMethods(TestMethodWorker.java:146)
	at org.testng.internal.TestMethodWorker.run(TestMethodWorker.java:128)
	at java.base/java.util.ArrayList.forEach(ArrayList.java:1511)
	at org.testng.TestRunner.privateRun(TestRunner.java:794)
	at org.testng.TestRunner.run(TestRunner.java:596)
	at org.testng.SuiteRunner.runTest(SuiteRunner.java:377)
	at org.testng.SuiteRunner.runSequentially(SuiteRunner.java:371)
	at org.testng.SuiteRunner.privateRun(SuiteRunner.java:332)
	at org.testng.SuiteRunner.run(SuiteRunner.java:276)
	at org.testng.SuiteRunnerWorker.runSuite(SuiteRunnerWorker.java:53)
	at org.testng.SuiteRunnerWorker.run(SuiteRunnerWorker.java:96)
	at org.testng.TestNG.runSuitesSequentially(TestNG.java:1212)
	at org.testng.TestNG.runSuitesLocally(TestNG.java:1134)
	at org.testng.TestNG.runSuites(TestNG.java:1063)
	at org.testng.TestNG.run(TestNG.java:1031)
	at com.intellij.rt.testng.IDEARemoteTestNG.run(IDEARemoteTestNG.java:66)
	at com.intellij.rt.testng.RemoteTestNGStarter.main(RemoteTestNGStarter.java:109)
</div>
</div>
<p class="totop"><a href="#summary">back to summary</a></p>
<h2 id="m2">Testcases.AddProductToShoppingCartTest:UserCanAddProductToShoppingCart</h2>
<div>
<div class="stacktrace">java.lang.AssertionError: expected [true] but found [false]
	at org.testng.Assert.fail(Assert.java:99)
	at org.testng.Assert.failNotEquals(Assert.java:1037)
	at org.testng.Assert.assertTrue(Assert.java:45)
	at org.testng.Assert.assertTrue(Assert.java:55)
	at Testcases.AddProductToShoppingCartTest.UserCanAddProductToShoppingCart(AddProductToShoppingCartTest.java:32)
	at java.base/jdk.internal.reflect.NativeMethodAccessorImpl.invoke0(Native Method)
	at java.base/jdk.internal.reflect.NativeMethodAccessorImpl.invoke(NativeMethodAccessorImpl.java:77)
	at java.base/jdk.internal.reflect.DelegatingMethodAccessorImpl.invoke(DelegatingMethodAccessorImpl.java:43)
	at java.base/java.lang.reflect.Method.invoke(Method.java:568)
	at org.testng.internal.MethodInvocationHelper.invokeMethod(MethodInvocationHelper.java:133)
	at org.testng.internal.TestInvoker.invokeMethod(TestInvoker.java:598)
	at org.testng.internal.TestInvoker.invokeTestMethod(TestInvoker.java:173)
	at org.testng.internal.MethodRunner.runInSequence(MethodRunner.java:46)
	at org.testng.internal.TestInvoker$MethodInvocationAgent.invoke(TestInvoker.java:824)
	at org.testng.internal.TestInvoker.invokeTestMethods(TestInvoker.java:146)
	at org.testng.internal.TestMethodWorker.invokeTestMethods(TestMethodWorker.java:146)
	at org.testng.internal.TestMethodWorker.run(TestMethodWorker.java:128)
	at java.base/java.util.ArrayList.forEach(ArrayList.java:1511)
	at org.testng.TestRunner.privateRun(TestRunner.java:794)
	at org.testng.TestRunner.run(TestRunner.java:596)
	at org.testng.SuiteRunner.runTest(SuiteRunner.java:377)
	at org.testng.SuiteRunner.runSequentially(SuiteRunner.java:371)
	at org.testng.SuiteRunner.privateRun(SuiteRunner.java:332)
	at org.testng.SuiteRunner.run(SuiteRunner.java:276)
	at org.testng.SuiteRunnerWorker.runSuite(SuiteRunnerWorker.java:53)
	at org.testng.SuiteRunnerWorker.run(SuiteRunnerWorker.java:96)
	at org.testng.TestNG.runSuitesSequentially(TestNG.java:1212)
	at org.testng.TestNG.runSuitesLocally(TestNG.java:1134)
	at org.testng.TestNG.runSuites(TestNG.java:1063)
	at org.testng.TestNG.run(TestNG.java:1031)
	at com.intellij.rt.testng.IDEARemoteTestNG.run(IDEARemoteTestNG.java:66)
	at com.intellij.rt.testng.RemoteTestNGStarter.main(RemoteTestNGStarter.java:109)
</div>
</div>
<p class="totop"><a href="#summary">back to summary</a></p>
<h2 id="m3">Testcases.GuestCheckOutTest:UserCanCheckoutProduct</h2>
<div>
<div class="stacktrace">org.openqa.selenium.NoSuchElementException: no such element: Unable to locate element: {&quot;method&quot;:&quot;xpath&quot;,&quot;selector&quot;:&quot;//button[contains(text(),&apos;Checkout as Guest&apos;)]&quot;}
  (Session info: chrome=104.0.5112.81)
For documentation on this error, please visit: https://selenium.dev/exceptions/#no_such_element
Build info: version: &apos;4.1.4&apos;, revision: &apos;535d840ee2&apos;
System info: host: &apos;DESKTOP-HN35U85&apos;, ip: &apos;172.28.96.1&apos;, os.name: &apos;Windows 11&apos;, os.arch: &apos;amd64&apos;, os.version: &apos;10.0&apos;, java.version: &apos;17.0.3.1&apos;
Driver info: org.openqa.selenium.chrome.ChromeDriver
Command: [8153802d634aa7cacbd652161a8aef04, findElement {using=xpath, value=//button[contains(text(),&apos;Checkout as Guest&apos;)]}]
Capabilities {acceptInsecureCerts: false, browserName: chrome, browserVersion: 104.0.5112.81, chrome: {chromedriverVersion: 104.0.5112.79 (3cf3e8c8a07d..., userDataDir: C:\Users\elwady\AppData\Loc...}, goog:chromeOptions: {debuggerAddress: localhost:63400}, javascriptEnabled: true, networkConnectionEnabled: false, pageLoadStrategy: normal, platform: WINDOWS, platformName: WINDOWS, proxy: Proxy(), se:cdp: ws://localhost:63400/devtoo..., se:cdpVersion: 104.0.5112.81, setWindowRect: true, strictFileInteractability: false, timeouts: {implicit: 0, pageLoad: 300000, script: 30000}, unhandledPromptBehavior: dismiss and notify, webauthn:extension:credBlob: true, webauthn:extension:largeBlob: true, webauthn:virtualAuthenticators: true}
Session ID: 8153802d634aa7cacbd652161a8aef04
	at java.base/jdk.internal.reflect.NativeConstructorAccessorImpl.newInstance0(Native Method)
	at java.base/jdk.internal.reflect.NativeConstructorAccessorImpl.newInstance(NativeConstructorAccessorImpl.java:77)
	at java.base/jdk.internal.reflect.DelegatingConstructorAccessorImpl.newInstance(DelegatingConstructorAccessorImpl.java:45)
	at java.base/java.lang.reflect.Constructor.newInstanceWithCaller(Constructor.java:499)
	at java.base/java.lang.reflect.Constructor.newInstance(Constructor.java:480)
	at org.openqa.selenium.remote.codec.w3c.W3CHttpResponseCodec.createException(W3CHttpResponseCodec.java:200)
	at org.openqa.selenium.remote.codec.w3c.W3CHttpResponseCodec.decode(W3CHttpResponseCodec.java:133)
	at org.openqa.selenium.remote.codec.w3c.W3CHttpResponseCodec.decode(W3CHttpResponseCodec.java:53)
	at org.openqa.selenium.remote.HttpCommandExecutor.execute(HttpCommandExecutor.java:184)
	at org.openqa.selenium.remote.service.DriverCommandExecutor.invokeExecute(DriverCommandExecutor.java:167)
	at org.openqa.selenium.remote.service.DriverCommandExecutor.execute(DriverCommandExecutor.java:142)
	at org.openqa.selenium.remote.RemoteWebDriver.execute(RemoteWebDriver.java:567)
	at org.openqa.selenium.remote.ElementLocation$ElementFinder$2.findElement(ElementLocation.java:162)
	at org.openqa.selenium.remote.ElementLocation.findElement(ElementLocation.java:60)
	at org.openqa.selenium.remote.RemoteWebDriver.findElement(RemoteWebDriver.java:385)
	at org.openqa.selenium.remote.RemoteWebDriver.findElement(RemoteWebDriver.java:377)
	at org.openqa.selenium.support.pagefactory.DefaultElementLocator.findElement(DefaultElementLocator.java:70)
	at org.openqa.selenium.support.pagefactory.internal.LocatingElementHandler.invoke(LocatingElementHandler.java:39)
	at jdk.proxy2/jdk.proxy2.$Proxy19.click(Unknown Source)
	at PageObjects.ShoppingCartPage.OpenCheckoutPageAsGuest(ShoppingCartPage.java:69)
	at Testcases.GuestCheckOutTest.UserCanCheckoutProduct(GuestCheckOutTest.java:55)
	at java.base/jdk.internal.reflect.NativeMethodAccessorImpl.invoke0(Native Method)
	at java.base/jdk.internal.reflect.NativeMethodAccessorImpl.invoke(NativeMethodAccessorImpl.java:77)
	at java.base/jdk.internal.reflect.DelegatingMethodAccessorImpl.invoke(DelegatingMethodAccessorImpl.java:43)
	at java.base/java.lang.reflect.Method.invoke(Method.java:568)
	at org.testng.internal.MethodInvocationHelper.invokeMethod(MethodInvocationHelper.java:133)
	at org.testng.internal.TestInvoker.invokeMethod(TestInvoker.java:598)
	at org.testng.internal.TestInvoker.invokeTestMethod(TestInvoker.java:173)
	at org.testng.internal.MethodRunner.runInSequence(MethodRunner.java:46)
	at org.testng.internal.TestInvoker$MethodInvocationAgent.invoke(TestInvoker.java:824)
	at org.testng.internal.TestInvoker.invokeTestMethods(TestInvoker.java:146)
	at org.testng.internal.TestMethodWorker.invokeTestMethods(TestMethodWorker.java:146)
	at org.testng.internal.TestMethodWorker.run(TestMethodWorker.java:128)
	at java.base/java.util.ArrayList.forEach(ArrayList.java:1511)
	at org.testng.TestRunner.privateRun(TestRunner.java:794)
	at org.testng.TestRunner.run(TestRunner.java:596)
	at org.testng.SuiteRunner.runTest(SuiteRunner.java:377)
	at org.testng.SuiteRunner.runSequentially(SuiteRunner.java:371)
	at org.testng.SuiteRunner.privateRun(SuiteRunner.java:332)
	at org.testng.SuiteRunner.run(SuiteRunner.java:276)
	at org.testng.SuiteRunnerWorker.runSuite(SuiteRunnerWorker.java:53)
	at org.testng.SuiteRunnerWorker.run(SuiteRunnerWorker.java:96)
	at org.testng.TestNG.runSuitesSequentially(TestNG.java:1212)
	at org.testng.TestNG.runSuitesLocally(TestNG.java:1134)
	at org.testng.TestNG.runSuites(TestNG.java:1063)
	at org.testng.TestNG.run(TestNG.java:1031)
	at com.intellij.rt.testng.IDEARemoteTestNG.run(IDEARemoteTestNG.java:66)
	at com.intellij.rt.testng.RemoteTestNGStarter.main(RemoteTestNGStarter.java:109)
</div>
</div>
<p class="totop"><a href="#summary">back to summary</a></p>
<h2 id="m4">Testcases.ChangeCurrencyTest:changeCurrencyOfTheProduct</h2>
<p class="totop"><a href="#summary">back to summary</a></p>
<h2 id="m5">Testcases.ChangeCurrencyTest:UserCanSearchWithAutoSuggest</h2>
<p class="totop"><a href="#summary">back to summary</a></p>
<h2 id="m6">Testcases.Test_Hoveron:hovering_on_books</h2>
<p class="totop"><a href="#summary">back to summary</a></p>
<h2 id="m7">Testcases.WishListTest:UserCanSearchWithAutoSuggest</h2>
<p class="totop"><a href="#summary">back to summary</a></p>
<h2 id="m8">Testcases.Test_Hoveron:hovering_on_desk</h2>
<p class="totop"><a href="#summary">back to summary</a></p>
<h2 id="m9">Testcases.AddProductToShoppingCartTest:UserCanSearchProductsWithAutoSuggest</h2>
<p class="totop"><a href="#summary">back to summary</a></p>
<h2 id="m10">Testcases.AddProductToShoppingCartTest:UserCanRemoveProductFromCart</h2>
<p class="totop"><a href="#summary">back to summary</a></p>
<h2 id="m11">Testcases.CompareTest:UserCanCompareProduct</h2>
<p class="totop"><a href="#summary">back to summary</a></p>
<h2 id="m12">Testcases.Test_Hoveron:hovering_on_others</h2>
<p class="totop"><a href="#summary">back to summary</a></p>
<h2 id="m13">Testcases.Test_Hoveron:hovering_on_jewelry</h2>
<p class="totop"><a href="#summary">back to summary</a></p>
<h2 id="m14">Testcases.MyAccountTest:verifyLogout</h2>
<p class="totop"><a href="#summary">back to summary</a></p>
<h2 id="m15">Testcases.Test_Hoveron:hovering_on_cell</h2>
<p class="totop"><a href="#summary">back to summary</a></p>
<h2 id="m16">Testcases.ProductReviewTest:UserCanSearchWithAutoSuggest</h2>
<p class="totop"><a href="#summary">back to summary</a></p>
<h2 id="m17">Testcases.SearchProductUsingAutoSuggestTest:UserCanSearchWithAutoSuggest</h2>
<p class="totop"><a href="#summary">back to summary</a></p>
<h2 id="m18">Testcases.Test_Hoveron:hovering_on_software</h2>
<p class="totop"><a href="#summary">back to summary</a></p>
<h2 id="m19">Testcases.RegisteredUserCheckoutProductTest:UserCanCheckoutProduct</h2>
<p class="totop"><a href="#summary">back to summary</a></p>
<h2 id="m20">Testcases.SearchProductTest:UserCanSearchForProducts</h2>
<p class="totop"><a href="#summary">back to summary</a></p>
<h2 id="m21">Testcases.UserRegistrationTest:verifyLogin</h2>
<p class="totop"><a href="#summary">back to summary</a></p>
<h2 id="m22">Testcases.GuestCheckOutTest:UserCanSearchWithAutoSuggest</h2>
<p class="totop"><a href="#summary">back to summary</a></p>
<h2 id="m23">Testcases.RegisteredUserCheckoutProductTest:UserCanSearchWithAutoSuggest</h2>
<p class="totop"><a href="#summary">back to summary</a></p>
<h2 id="m24">Testcases.Test_Hoveron:hovering_on_gift</h2>
<p class="totop"><a href="#summary">back to summary</a></p>
<h2 id="m25">Testcases.EmailFriendTest:RegisteredUserSendEmail</h2>
<p class="totop"><a href="#summary">back to summary</a></p>
<h2 id="m26">Testcases.ProductReviewTest:RegisteredUserCanReviewProduct</h2>
<p class="totop"><a href="#summary">back to summary</a></p>
<h2 id="m27">Testcases.Test_Hoveron:hovering_on_camera</h2>
<p class="totop"><a href="#summary">back to summary</a></p>
<h2 id="m28">Testcases.Test_Hoveron:hovering_on_shoes</h2>
<p class="totop"><a href="#summary">back to summary</a></p>
<h2 id="m29">Testcases.MyAccountTest:verifyLogin</h2>
<p class="totop"><a href="#summary">back to summary</a></p>
<h2 id="m30">Testcases.GuestCheckOutTest:UserCanAddProductToShoppingCart</h2>
<p class="totop"><a href="#summary">back to summary</a></p>
<h2 id="m31">Testcases.Test_Hoveron:hovering_on_cloth</h2>
<p class="totop"><a href="#summary">back to summary</a></p>
<h2 id="m32">Testcases.Test_Hoveron:hovering_on_digital</h2>
<p class="totop"><a href="#summary">back to summary</a></p>
<h2 id="m33">Testcases.CompareTest:clearDataFromCompareTable</h2>
<p class="totop"><a href="#summary">back to summary</a></p>
<h2 id="m34">Testcases.UserRegistrationTest:VerifyRegistration</h2>
<p class="totop"><a href="#summary">back to summary</a></p>
<h2 id="m35">Testcases.UserRegistrationTest:verifyLogout</h2>
<p class="totop"><a href="#summary">back to summary</a></p>
<h2 id="m36">Testcases.Test_Hoveron:hovering_on_accessories</h2>
<p class="totop"><a href="#summary">back to summary</a></p>
<h2 id="m37">Testcases.MyAccountTest:verifyChangePassword</h2>
<p class="totop"><a href="#summary">back to summary</a></p>
<h2 id="m38">Testcases.EmailFriendTest:UserCanSearchWithAutoSuggest</h2>
<p class="totop"><a href="#summary">back to summary</a></p>
<h2 id="m39">Testcases.Test_Hoveron:hovering_on_notebooks</h2>
<p class="totop"><a href="#summary">back to summary</a></p>
<h2 id="m40">Testcases.MyAccountTest:VerifyRegistration</h2>
<p class="totop"><a href="#summary">back to summary</a></p>
<h2 id="m41">Testcases.WishListTest:usrerCanAddToWishList</h2>
<p class="totop"><a href="#summary">back to summary</a></p>
</body></html>
